\BOOKMARK [-1][]{title.-1}{\376\377\152\041\137\142\137\017\124\214\116\224\153\041\145\271\172\013\166\204\211\343}{}% 1
\BOOKMARK [0][]{chapter*.1}{\376\377\201\364\214\042}{title.-1}% 2
\BOOKMARK [0][]{chapter*.2}{\376\377\166\356\137\125}{title.-1}% 3
\BOOKMARK [0][]{chapter*.3}{\376\377\144\130\211\201}{title.-1}% 4
\BOOKMARK [0][]{chapter*.4}{\376\377\000A\000B\000S\000T\000R\000A\000C\000T}{title.-1}% 5
\BOOKMARK [0][]{chapter.1}{\376\377\173\054\116\000\172\340\000\040\000\040\153\143\131\032\227\142\117\123\116\016\116\224\153\041\145\271\172\013\211\343}{title.-1}% 6
\BOOKMARK [1][]{section.1.1}{\376\377\0001\000.\0001\000\040\137\025\121\145\000:\116\316\153\143\131\032\227\142\117\123\201\363\122\006\153\147\211\206\123\340}{chapter.1}% 7
\BOOKMARK [1][]{section.1.2}{\376\377\0001\000.\0002\000\040\176\374\217\360}{chapter.1}% 8
\BOOKMARK [1][]{section.1.3}{\376\377\0001\000.\0003\000\040\116\015\123\330\221\317\164\006\213\272}{chapter.1}% 9
\BOOKMARK [2][]{subsection.1.3.1}{\376\377\0001\000.\0003\000.\0001\000\040\116\015\123\330\121\375\145\160\116\016\123\112\116\015\123\330\221\317}{section.1.3}% 10
\BOOKMARK [2][]{subsection.1.3.2}{\376\377\0001\000.\0003\000.\0002\000\040\217\150\220\123\137\142\137\017}{section.1.3}% 11
\BOOKMARK [2][]{subsection.1.3.3}{\376\377\0001\000.\0003\000.\0003\000\040\123\117\123\330\121\375\133\120\000H\000,\000\040\000J}{section.1.3}% 12
\BOOKMARK [2][]{subsection.1.3.4}{\376\377\0001\000.\0003\000.\0004\000\040\176\323\213\272\154\107\140\073}{section.1.3}% 13
\BOOKMARK [1][]{section.1.4}{\376\377\0001\000.\0004\000\040\131\032\120\074\121\375\145\160\000:\131\015\122\006\147\220\211\306\211\322}{chapter.1}% 14
\BOOKMARK [1][]{section.1.5}{\376\377\0001\000.\0005\000\040\230\204\211\343\137\017\000:\217\321\116\026\116\343\145\160\211\306\211\322}{chapter.1}% 15
\BOOKMARK [1][]{section.1.6}{\376\377\0001\000.\0006\000\040\116\000\121\103\116\224\153\041\145\271\172\013\166\204\211\343}{chapter.1}% 16
\BOOKMARK [1][]{section.1.7}{\376\377\0001\000.\0007\000\040\220\032\217\307\152\041\137\142\137\017\211\343\116\224\153\041\145\271\172\013}{chapter.1}% 17
\BOOKMARK [0][]{chapter.2}{\376\377\173\054\116\214\172\340\000\040\000\040\152\041\137\142\137\017\116\016\152\041\146\362\176\277}{title.-1}% 18
\BOOKMARK [1][]{section.2.1}{\376\377\0002\000.\0001\000\040\176\317\121\170\152\041\137\142\137\017\126\336\230\176}{chapter.2}% 19
\BOOKMARK [2][]{subsection.2.1.1}{\376\377\0002\000.\0001\000.\0001\000\040\131\015\163\257\227\142}{section.2.1}% 20
\BOOKMARK [2][]{subsection.2.1.2}{\376\377\0002\000.\0001\000.\0002\000\040\152\041\172\172\225\364\000H\000/\000S\000L\0002\000\050\000Z\000\051}{section.2.1}% 21
\BOOKMARK [2][]{subsection.2.1.3}{\376\377\0002\000.\0001\000.\0003\000\040\000J\000a\000c\000o\000b\000i\152\041\137\142\137\017}{section.2.1}% 22
\BOOKMARK [2][]{subsection.2.1.4}{\376\377\0002\000.\0001\000.\0004\000\040\176\247\176\323\147\204}{section.2.1}% 23
\BOOKMARK [1][]{section.2.2}{\376\377\0002\000.\0002\000\040\000-\121\375\145\160}{chapter.2}% 24
\BOOKMARK [2][]{subsection.2.2.1}{\376\377\0002\000.\0002\000.\0001\000\040\133\232\116\111}{section.2.2}% 25
\BOOKMARK [2][]{subsection.2.2.2}{\376\377\0002\000.\0002\000.\0002\000\040\140\122\173\111\137\017}{section.2.2}% 26
\BOOKMARK [2][]{subsection.2.2.3}{\376\377\0002\000.\0002\000.\0003\000\040\136\224\165\050\000:\210\150\217\276\000,\000\040\000G\0004\124\214\000G\0006}{section.2.2}% 27
\BOOKMARK [1][]{section.2.3}{\376\377\0002\000.\0003\000\040\147\204\220\040\152\041\137\142\137\017}{chapter.2}% 28
\BOOKMARK [2][]{subsection.2.3.1}{\376\377\0002\000.\0003\000.\0001\000\040\173\111\116\367\162\171\137\201\174\173\172\172\225\364}{section.2.3}% 29
\BOOKMARK [2][]{subsection.2.3.2}{\376\377\0002\000.\0003\000.\0002\000\040\116\214\153\041\143\317\217\360\134\026\160\271}{section.2.3}% 30
\BOOKMARK [2][]{subsection.2.3.3}{\376\377\0002\000.\0003\000.\0003\000\040\000Y\000\050\000\050\000N\000\051\000\051\000:\121\150\176\257\121\375\145\160\116\016\134\004\137\161\135\114\121\145}{section.2.3}% 31
\BOOKMARK [2][]{subsection.2.3.4}{\376\377\0002\000.\0003\000.\0004\000\040\000X\000\050\000\050\000N\000\051\000\051\000:\134\026\160\271\116\016\116\232\176\257\121\375\145\160}{section.2.3}% 32
\BOOKMARK [2][]{subsection.2.3.5}{\376\377\0002\000.\0003\000.\0005\000\040\000`\0003\003\001\0009\000`\0004\0002\000`\000"\003\007\0006\0001\0003\000A\000`\000`\0004\0005\000`\0004\0007\000`\000"\0006\0000\0003\000A\000I\000m\116\012\166\204\177\244\117\134\165\050}{section.2.3}% 33
\BOOKMARK [1][]{section.2.4}{\376\377\0002\000.\0004\000\040\136\224\165\050\000:\153\143\116\214\123\101\227\142\117\123\177\244\116\016\000K\000l\000e\000i\000n\126\333\153\041\146\362\176\277}{chapter.2}% 34
\BOOKMARK [2][]{subsection.2.4.1}{\376\377\0002\000.\0004\000.\0001\000\040\000k\000=\0005\000,\000\040\000j\0005\000-\121\375\145\160}{section.2.4}% 35
\BOOKMARK [2][]{subsection.2.4.2}{\376\377\0002\000.\0004\000.\0002\000\040\000k\000=\0007\000,\000\040\000K\000l\000e\000i\000n\126\333\153\041\146\362\176\277}{section.2.4}% 36
\BOOKMARK [0][]{chapter*.50}{\376\377\123\302\200\003\145\207\163\056}{title.-1}% 37
