This is XeTeX, Version 3.14159265-2.6-0.99999 (MiKTeX 2.9.6930 64-bit) (preloaded format=xelatex 2019.1.15)  14 JAN 2022 14:21
entering extended mode
**"./Schur-Horn Theorem.tex"
("Schur-Horn Theorem.tex"
LaTeX2e <2018-12-01>

("C:\Users\Administrator\AppData\Local\Programs\MiKTeX 2.9\tex/latex/amscls\ams
art.cls"
Document Class: amsart 2017/10/31 v2.20.4
\linespacing=\dimen102
\normalparindent=\dimen103
\normaltopskip=\skip41

("C:\Users\Administrator\AppData\Local\Programs\MiKTeX 2.9\tex/latex/amsmath\am
smath.sty"
Package: amsmath 2018/12/01 v2.17b AMS math features
\@mathmargin=\skip42

For additional information on amsmath, use the `?' option.

("C:\Users\Administrator\AppData\Local\Programs\MiKTeX 2.9\tex/latex/amsmath\am
stext.sty"
Package: amstext 2000/06/29 v2.01 AMS text

("C:\Users\Administrator\AppData\Local\Programs\MiKTeX 2.9\tex/latex/amsmath\am
sgen.sty"
File: amsgen.sty 1999/11/30 v2.0 generic functions
\@emptytoks=\toks14
\ex@=\dimen104
))
("C:\Users\Administrator\AppData\Local\Programs\MiKTeX 2.9\tex/latex/amsmath\am
sbsy.sty"
Package: amsbsy 1999/11/29 v1.2d Bold Symbols
\pmbraise@=\dimen105
)
("C:\Users\Administrator\AppData\Local\Programs\MiKTeX 2.9\tex/latex/amsmath\am
sopn.sty"
Package: amsopn 2016/03/08 v2.02 operator names
)
\inf@bad=\count80
LaTeX Info: Redefining \frac on input line 223.
\uproot@=\count81
\leftroot@=\count82
LaTeX Info: Redefining \overline on input line 385.
\classnum@=\count83
\DOTSCASE@=\count84
LaTeX Info: Redefining \ldots on input line 482.
LaTeX Info: Redefining \dots on input line 485.
LaTeX Info: Redefining \cdots on input line 606.
\Mathstrutbox@=\box27
\strutbox@=\box28
\big@size=\dimen106
LaTeX Font Info:    Redeclaring font encoding OML on input line 729.
LaTeX Font Info:    Redeclaring font encoding OMS on input line 730.
\macc@depth=\count85
\c@MaxMatrixCols=\count86
\dotsspace@=\muskip10
\c@parentequation=\count87
\dspbrk@lvl=\count88
\tag@help=\toks15
\row@=\count89
\column@=\count90
\maxfields@=\count91
\andhelp@=\toks16
\eqnshift@=\dimen107
\alignsep@=\dimen108
\tagshift@=\dimen109
\tagwidth@=\dimen110
\totwidth@=\dimen111
\lineht@=\dimen112
\@envbody=\toks17
\multlinegap=\skip43
\multlinetaggap=\skip44
\mathdisplay@stack=\toks18
LaTeX Info: Redefining \[ on input line 2844.
LaTeX Info: Redefining \] on input line 2845.
)
LaTeX Font Info:    Try loading font information for U+msa on input line 398.

("C:\Users\Administrator\AppData\Local\Programs\MiKTeX 2.9\tex/latex/amsfonts\u
msa.fd"
File: umsa.fd 2013/01/14 v3.01 AMS symbols A
)
("C:\Users\Administrator\AppData\Local\Programs\MiKTeX 2.9\tex/latex/amsfonts\a
msfonts.sty"
Package: amsfonts 2013/01/14 v3.01 Basic AMSFonts support
\symAMSa=\mathgroup4
\symAMSb=\mathgroup5
LaTeX Font Info:    Overwriting math alphabet `\mathfrak' in version `bold'
(Font)                  U/euf/m/n --> U/euf/b/n on input line 106.
)
\copyins=\insert199
\abstractbox=\box29
\listisep=\skip45
\c@part=\count92
\c@section=\count93
\c@subsection=\count94
\c@subsubsection=\count95
\c@paragraph=\count96
\c@subparagraph=\count97
\c@figure=\count98
\c@table=\count99
\abovecaptionskip=\skip46
\belowcaptionskip=\skip47
\captionindent=\dimen113
\thm@style=\toks19
\thm@bodyfont=\toks20
\thm@headfont=\toks21
\thm@notefont=\toks22
\thm@headpunct=\toks23
\thm@preskip=\skip48
\thm@postskip=\skip49
\thm@headsep=\skip50
\dth@everypar=\toks24
)
("C:\Users\Administrator\AppData\Local\Programs\MiKTeX 2.9\tex/latex/amsfonts\a
mssymb.sty"
Package: amssymb 2013/01/14 v3.01 AMS font symbols
)
("C:\Users\Administrator\AppData\Local\Programs\MiKTeX 2.9\tex/latex/tools\bm.s
ty"
Package: bm 2017/01/16 v1.2c Bold Symbol Support (DPC/FMi)
\symboldoperators=\mathgroup6
\symboldletters=\mathgroup7
\symboldsymbols=\mathgroup8
LaTeX Font Info:    Redeclaring math alphabet \mathbf on input line 141.
LaTeX Info: Redefining \bm on input line 207.
)
("C:\Users\Administrator\AppData\Local\Programs\MiKTeX 2.9\tex/latex/graphics\g
raphicx.sty"
Package: graphicx 2017/06/01 v1.1a Enhanced LaTeX Graphics (DPC,SPQR)

("C:\Users\Administrator\AppData\Local\Programs\MiKTeX 2.9\tex/latex/graphics\k
eyval.sty"
Package: keyval 2014/10/28 v1.15 key=value parser (DPC)
\KV@toks@=\toks25
)
("C:\Users\Administrator\AppData\Local\Programs\MiKTeX 2.9\tex/latex/graphics\g
raphics.sty"
Package: graphics 2017/06/25 v1.2c Standard LaTeX Graphics (DPC,SPQR)

("C:\Users\Administrator\AppData\Local\Programs\MiKTeX 2.9\tex/latex/graphics\t
rig.sty"
Package: trig 2016/01/03 v1.10 sin cos tan (DPC)
)
("C:\Users\Administrator\AppData\Local\Programs\MiKTeX 2.9\tex/latex/graphics-c
fg\graphics.cfg"
File: graphics.cfg 2016/06/04 v1.11 sample graphics configuration
)
Package graphics Info: Driver file: xetex.def on input line 99.

("C:\Users\Administrator\AppData\Local\Programs\MiKTeX 2.9\tex/latex/graphics-d
ef\xetex.def"
File: xetex.def 2017/06/24 v5.0h Graphics/color driver for xetex
))
\Gin@req@height=\dimen114
\Gin@req@width=\dimen115
)
("C:\Users\Administrator\AppData\Local\Programs\MiKTeX 2.9\tex/latex/tools\enum
erate.sty"
Package: enumerate 2015/07/23 v3.00 enumerate extensions (DPC)
\@enLab=\toks26
)
("C:\Users\Administrator\AppData\Local\Programs\MiKTeX 2.9\tex/latex/amsfonts\e
ucal.sty"
Package: eucal 2009/06/22 v3.00 Euler Script fonts
LaTeX Font Info:    Overwriting math alphabet `\EuScript' in version `bold'
(Font)                  U/eus/m/n --> U/eus/b/n on input line 33.
)
("C:\Users\Administrator\AppData\Local\Programs\MiKTeX 2.9\tex/latex/float\floa
t.sty"
Package: float 2001/11/08 v1.3d Float enhancements (AL)
\c@float@type=\count100
\float@exts=\toks27
\float@box=\box30
\@float@everytoks=\toks28
\@floatcapt=\box31
)
("C:\Users\Administrator\AppData\Local\Programs\MiKTeX 2.9\tex/latex/jknappen\m
athrsfs.sty"
Package: mathrsfs 1996/01/01 Math RSFS package v1.0 (jk)
\symrsfs=\mathgroup9
)
("C:\Users\Administrator\AppData\Local\Programs\MiKTeX 2.9\tex/latex/tools\mult
icol.sty"
Package: multicol 2018/11/09 v1.8u multicolumn formatting (FMi)
\c@tracingmulticols=\count101
\mult@box=\box32
\multicol@leftmargin=\dimen116
\c@unbalance=\count102
\c@collectmore=\count103
\doublecol@number=\count104
\multicoltolerance=\count105
\multicolpretolerance=\count106
\full@width=\dimen117
\page@free=\dimen118
\premulticols=\dimen119
\postmulticols=\dimen120
\multicolsep=\skip51
\multicolbaselineskip=\skip52
\partial@page=\box33
\last@line=\box34
\maxbalancingoverflow=\dimen121
\mult@rightbox=\box35
\mult@grightbox=\box36
\mult@gfirstbox=\box37
\mult@firstbox=\box38
\@tempa=\box39
\@tempa=\box40
\@tempa=\box41
\@tempa=\box42
\@tempa=\box43
\@tempa=\box44
\@tempa=\box45
\@tempa=\box46
\@tempa=\box47
\@tempa=\box48
\@tempa=\box49
\@tempa=\box50
\@tempa=\box51
\@tempa=\box52
\@tempa=\box53
\@tempa=\box54
\@tempa=\box55
\c@columnbadness=\count107
\c@finalcolumnbadness=\count108
\last@try=\dimen122
\multicolovershoot=\dimen123
\multicolundershoot=\dimen124
\mult@nat@firstbox=\box56
\colbreak@box=\box57
\mc@col@check@num=\count109
)
("C:\Users\Administrator\AppData\Local\Programs\MiKTeX 2.9\tex/generic/xypic\xy
.sty"
("C:\Users\Administrator\AppData\Local\Programs\MiKTeX 2.9\tex/generic/xypic\xy
.tex" Bootstrap'ing: catcodes, docmode,
("C:\Users\Administrator\AppData\Local\Programs\MiKTeX 2.9\tex/generic/xypic\xy
recat.tex")
("C:\Users\Administrator\AppData\Local\Programs\MiKTeX 2.9\tex/generic/xypic\xy
idioms.tex")

 Xy-pic version 3.8.9 <2013/10/06>
 Copyright (c) 1991-2013 by Kristoffer H. Rose <krisrose@tug.org> and others
 Xy-pic is free software: see the User's Guide for details.

Loading kernel: messages; fonts; allocations: state,
\X@c=\dimen125
\Y@c=\dimen126
\U@c=\dimen127
\D@c=\dimen128
\L@c=\dimen129
\R@c=\dimen130
\Edge@c=\toks29
\X@p=\dimen131
\Y@p=\dimen132
\U@p=\dimen133
\D@p=\dimen134
\L@p=\dimen135
\R@p=\dimen136
\Edge@p=\toks30
\X@origin=\dimen137
\Y@origin=\dimen138
\X@xbase=\dimen139
\Y@xbase=\dimen140
\X@ybase=\dimen141
\Y@ybase=\dimen142
\X@min=\dimen143
\Y@min=\dimen144
\X@max=\dimen145
\Y@max=\dimen146
\lastobjectbox@=\box58
\zerodotbox@=\box59
\almostz@=\dimen147
 direction,
\d@X=\dimen148
\d@Y=\dimen149
\K@=\count110
\KK@=\count111
\Direction=\count112
\K@dXdY=\dimen150
\K@dYdX=\dimen151
\xyread@=\read1
\xywrite@=\write3
\csp@=\count113
\quotPTK@=\dimen152

utility macros; pictures: \xy, positions,
\swaptoks@@=\toks31
\connectobjectbox@@=\box60
 objects,
\styletoks@=\toks32
 decorations;
kernel objects: directionals, circles, text; options; algorithms: directions,
edges, connections;  Xy-pic loaded)
("C:\Users\Administrator\AppData\Local\Programs\MiKTeX 2.9\tex/generic/oberdiek
\ifpdf.sty"
Package: ifpdf 2018/09/07 v3.3 Provides the ifpdf switch
)
Package: xy 2013/10/06 Xy-pic version 3.8.9

("C:\Users\Administrator\AppData\Local\Programs\MiKTeX 2.9\tex/generic/xypic\xy
all.tex"  Xy-pic option: All features v.3.8
("C:\Users\Administrator\AppData\Local\Programs\MiKTeX 2.9\tex/generic/xypic\xy
curve.tex"  Xy-pic option: Curve and Spline extension v.3.12 curve,
\crv@cnt@=\count114
\crvpts@=\toks33
\splinebox@=\box61
\splineval@=\dimen153
\splinedepth@=\dimen154
\splinetol@=\dimen155
\splinelength@=\dimen156
 circles,
\L@=\dimen157

loaded)
("C:\Users\Administrator\AppData\Local\Programs\MiKTeX 2.9\tex/generic/xypic\xy
frame.tex"  Xy-pic option: Frame and Bracket extension v.3.14 loaded)
("C:\Users\Administrator\AppData\Local\Programs\MiKTeX 2.9\tex/generic/xypic\xy
cmtip.tex"  Xy-pic option: Computer Modern tip extension v.3.7
("C:\Users\Administrator\AppData\Local\Programs\MiKTeX 2.9\tex/generic/xypic\xy
tips.tex"  Xy-pic option: More Tips extension v.3.11 loaded) loaded)
("C:\Users\Administrator\AppData\Local\Programs\MiKTeX 2.9\tex/generic/xypic\xy
line.tex"  Xy-pic option: Line styles extension v.3.10
\xylinethick@=\dimen158
 loaded)
("C:\Users\Administrator\AppData\Local\Programs\MiKTeX 2.9\tex/generic/xypic\xy
rotate.tex"  Xy-pic option: Rotate and Scale extension v.3.8 loaded)
("C:\Users\Administrator\AppData\Local\Programs\MiKTeX 2.9\tex/generic/xypic\xy
color.tex"  Xy-pic option: Colour extension v.3.11 loaded)
("C:\Users\Administrator\AppData\Local\Programs\MiKTeX 2.9\tex/generic/xypic\xy
matrix.tex"  Xy-pic option: Matrix feature v.3.14
\Row=\count115
\Col=\count116
\queue@=\toks34
\queue@@=\toks35
\qcount@=\count117
\qcount@@=\count118
\matrixsize@=\count119
 loaded)
("C:\Users\Administrator\AppData\Local\Programs\MiKTeX 2.9\tex/generic/xypic\xy
arrow.tex"  Xy-pic option: Arrow and Path feature v.3.9 path, \ar, loaded)
("C:\Users\Administrator\AppData\Local\Programs\MiKTeX 2.9\tex/generic/xypic\xy
graph.tex"  Xy-pic option: Graph feature v.3.11 loaded) loaded)
("C:\Users\Administrator\AppData\Local\Programs\MiKTeX 2.9\tex/generic/xypic\xy
pdf.tex"
Invalid UTF-8 byte or sequence at line 10 replaced by U+FFFD.
Invalid UTF-8 byte or sequence at line 57 replaced by U+FFFD.
  Xy-pic option: PDF driver v.1.7
Xy-pic pdf driver: `color' extension support
("C:\Users\Administrator\AppData\Local\Programs\MiKTeX 2.9\tex/generic/xypic\xy
pdf-co.tex"
Invalid UTF-8 byte or sequence at line 10 replaced by U+FFFD.
Invalid UTF-8 byte or sequence at line 57 replaced by U+FFFD.
 loaded) Xy-pic pdf driver: `curve' extension support
("C:\Users\Administrator\AppData\Local\Programs\MiKTeX 2.9\tex/generic/xypic\xy
pdf-cu.tex"
Invalid UTF-8 byte or sequence at line 10 replaced by U+FFFD.
Invalid UTF-8 byte or sequence at line 57 replaced by U+FFFD.
 loaded) Xy-pic pdf driver: `frame' extension support
("C:\Users\Administrator\AppData\Local\Programs\MiKTeX 2.9\tex/generic/xypic\xy
pdf-fr.tex"
Invalid UTF-8 byte or sequence at line 10 replaced by U+FFFD.
Invalid UTF-8 byte or sequence at line 57 replaced by U+FFFD.
 loaded) Xy-pic pdf driver: `line' extension support
("C:\Users\Administrator\AppData\Local\Programs\MiKTeX 2.9\tex/generic/xypic\xy
pdf-li.tex"
Invalid UTF-8 byte or sequence at line 10 replaced by U+FFFD.
Invalid UTF-8 byte or sequence at line 57 replaced by U+FFFD.
 loaded) Xy-pic pdf driver: `rotate' extension support
("C:\Users\Administrator\AppData\Local\Programs\MiKTeX 2.9\tex/generic/xypic\xy
pdf-ro.tex"
Invalid UTF-8 byte or sequence at line 10 replaced by U+FFFD.
Invalid UTF-8 byte or sequence at line 57 replaced by U+FFFD.
 loaded) loaded))
("C:\Users\Administrator\AppData\Local\Programs\MiKTeX 2.9\tex/latex/geometry\g
eometry.sty"
Package: geometry 2018/04/16 v5.8 Page Geometry

("C:\Users\Administrator\AppData\Local\Programs\MiKTeX 2.9\tex/generic/oberdiek
\ifvtex.sty"
Package: ifvtex 2016/05/16 v1.6 Detect VTeX and its facilities (HO)
Package ifvtex Info: VTeX not detected.
)
("C:\Users\Administrator\AppData\Local\Programs\MiKTeX 2.9\tex/generic/ifxetex\
ifxetex.sty"
Package: ifxetex 2010/09/12 v0.6 Provides ifxetex conditional
)
\Gm@cnth=\count120
\Gm@cntv=\count121
\c@Gm@tempcnt=\count122
\Gm@bindingoffset=\dimen159
\Gm@wd@mp=\dimen160
\Gm@odd@mp=\dimen161
\Gm@even@mp=\dimen162
\Gm@layoutwidth=\dimen163
\Gm@layoutheight=\dimen164
\Gm@layouthoffset=\dimen165
\Gm@layoutvoffset=\dimen166
\Gm@dimlist=\toks36

("C:\Users\Administrator\AppData\Local\Programs\MiKTeX 2.9\tex/xelatex/xetexcon
fig\geometry.cfg"))
\c@theorem=\count123
\c@thmsub=\count124
\c@remarks=\count125
 ("Schur-Horn Theorem.aux")
\openout1 = `"Schur-Horn Theorem.aux"'.

LaTeX Font Info:    Checking defaults for OML/cmm/m/it on input line 81.
LaTeX Font Info:    ... okay on input line 81.
LaTeX Font Info:    Checking defaults for T1/cmr/m/n on input line 81.
LaTeX Font Info:    ... okay on input line 81.
LaTeX Font Info:    Checking defaults for OT1/cmr/m/n on input line 81.
LaTeX Font Info:    ... okay on input line 81.
LaTeX Font Info:    Checking defaults for OMS/cmsy/m/n on input line 81.
LaTeX Font Info:    ... okay on input line 81.
LaTeX Font Info:    Checking defaults for TU/lmr/m/n on input line 81.
LaTeX Font Info:    ... okay on input line 81.
LaTeX Font Info:    Checking defaults for OMX/cmex/m/n on input line 81.
LaTeX Font Info:    ... okay on input line 81.
LaTeX Font Info:    Checking defaults for U/cmr/m/n on input line 81.
LaTeX Font Info:    ... okay on input line 81.
LaTeX Font Info:    Try loading font information for U+msa on input line 81.

("C:\Users\Administrator\AppData\Local\Programs\MiKTeX 2.9\tex/latex/amsfonts\u
msa.fd"
File: umsa.fd 2013/01/14 v3.01 AMS symbols A
)
LaTeX Font Info:    Try loading font information for U+msb on input line 81.

("C:\Users\Administrator\AppData\Local\Programs\MiKTeX 2.9\tex/latex/amsfonts\u
msb.fd"
File: umsb.fd 2013/01/14 v3.01 AMS symbols B
)
LaTeX Font Info:    Try loading font information for U+rsfs on input line 81.

("C:\Users\Administrator\AppData\Local\Programs\MiKTeX 2.9\tex/latex/jknappen\u
rsfs.fd"
File: ursfs.fd 1998/03/24 rsfs font definition file (jk)
)
Package xypdf Info: Line width: 0.43799pt on input line 81.

*geometry* detected driver: pdftex
*geometry* verbose mode - [ preamble ] result:
* driver: pdftex
* paper: a4paper
* layout: <same size as paper>
* layoutoffset:(h,v)=(0.0pt,0.0pt)
* modes: twoside 
* h-part:(L,W,R)=(85.35826pt, 426.79135pt, 85.35826pt)
* v-part:(T,H,B)=(101.40665pt, 591.5302pt, 152.11pt)
* \paperwidth=597.50787pt
* \paperheight=845.04684pt
* \textwidth=426.79135pt
* \textheight=591.5302pt
* \oddsidemargin=13.08827pt
* \evensidemargin=13.08827pt
* \topmargin=7.13666pt
* \headheight=8.0pt
* \headsep=14.0pt
* \topskip=10.0pt
* \footskip=12.0pt
* \marginparwidth=90.0pt
* \marginparsep=11.0pt
* \columnsep=10.0pt
* \skip\footins=7.0pt plus 11.0pt
* \hoffset=0.0pt
* \voffset=0.0pt
* \mag=1000
* \@twocolumnfalse
* \@twosidetrue
* \@mparswitchtrue
* \@reversemarginfalse
* (1in=72.27pt=25.4mm, 1cm=28.453pt)

[1]
File: figures/figure4.png Graphic file (type bmp)
<figures/figure4.png>
File: figures/figure3.png Graphic file (type bmp)
<figures/figure3.png>
 [2]
File: figures/figure1.png Graphic file (type bmp)
<figures/figure1.png>
File: figures/figure2.png Graphic file (type bmp)
<figures/figure2.png>
 [3]
File: figures/figure5.png Graphic file (type bmp)
<figures/figure5.png>
File: figures/figure6.png Graphic file (type bmp)
<figures/figure6.png>
 [4] [5]
Overfull \hbox (8.79941pt too wide) detected at line 451
[]
 []

Missing character: There is no ， in font [lmroman10-italic]:mapping=tex-text;!
[6] [7]
Overfull \hbox (10.20346pt too wide) in paragraph at lines 570--572
\TU/lmr/bx/n/10.95 Example 4.3. $\OT1/cmr/m/n/10.95 (\U/msb/m/n/10.95 R[]\OML/c
mm/m/it/10.95 ; w\OT1/cmr/m/n/10.95 )$ \TU/lmr/m/it/10.95 is a symplectic manif
old with chart coordinate $\OT1/cmr/m/n/10.95 (\OML/cmm/m/it/10.95 x[]; [] ; x[
]; y[]; [] ; y[]\OT1/cmr/m/n/10.95 )$ 
 []

[8]
Underfull \vbox (badness 1960) has occurred while \output is active []

 [9]
[10] [11]
Overfull \hbox (2.60176pt too wide) in paragraph at lines 934--934
[]$\OML/cmm/m/it/10.95 ^^U[]$| 
 []


Overfull \hbox (2.60176pt too wide) in paragraph at lines 934--934
[]$\OML/cmm/m/it/10.95 ^^U[]$| 
 []


Overfull \hbox (2.60176pt too wide) in paragraph at lines 934--934
[]$\OML/cmm/m/it/10.95 ^^U[]$| 
 []


Overfull \hbox (3.47386pt too wide) in paragraph at lines 935--935
[]$[][][]$| 
 []


Overfull \hbox (3.47386pt too wide) in paragraph at lines 935--935
[]$[][][]$| 
 []


Overfull \hbox (3.47386pt too wide) in paragraph at lines 935--935
[]$[][][]$| 
 []


Overfull \hbox (3.47386pt too wide) in paragraph at lines 935--935
[]$[][][]$| 
 []


Overfull \hbox (105.67326pt too wide) in paragraph at lines 935--935
[]$[] [] [] [] [] [] [] [][][]$| 
 []


Overfull \hbox (7.96964pt too wide) in paragraph at lines 936--936
[]$\OML/cmm/m/it/10.95 ^^V[]$| 
 []


Overfull \hbox (7.96964pt too wide) in paragraph at lines 936--936
[]$\OML/cmm/m/it/10.95 ^^V[]$| 
 []


Overfull \hbox (111.07645pt too wide) in paragraph at lines 936--936
[]$[] [] [] [] [] [] [] \OML/cmm/m/it/10.95 ^^V[]$| 
 []


Overfull \hbox (3.47386pt too wide) in paragraph at lines 937--937
[]$[][][]$| 
 []


Overfull \hbox (3.47386pt too wide) in paragraph at lines 937--937
[]$[][][]$| 
 []


Overfull \hbox (105.67326pt too wide) in paragraph at lines 937--937
[]$[] [] [] [] [] [] [] [][][]$| 
 []


Overfull \hbox (25.44211pt too wide) in paragraph at lines 938--938
[]$\OML/cmm/m/it/10.95 ^^V[]$| 
 []


Overfull \hbox (146.0214pt too wide) in paragraph at lines 938--938
[]$[] [] [] [] [] [] [] \OML/cmm/m/it/10.95 ^^V[]$| 
 []


Overfull \hbox (93.66359pt too wide) in paragraph at lines 939--940
[]$[] [] [] [] [] [] [] $$[]$| 
 []


Overfull \hbox (79.06367pt too wide) in paragraph at lines 940--941
[]$[] [] [] [] [] $$[]$| 
 []


Overfull \hbox (82.22658pt too wide) in paragraph at lines 941--942
[]$[]\OML/cmm/m/it/10.95 ^^V[] [] [] ^^V[]$| 
 []


Underfull \hbox (badness 5331) in paragraph at lines 980--982
[]\TU/lmr/m/n/9 V. Guillemin, R. Sjamaar: Convexity properties of Hamiltonian g
roup actions. 2005.
 []

[12] ("Schur-Horn Theorem.aux") ) 
Here is how much of TeX's memory you used:
 5612 strings out of 427748
 67904 string characters out of 3150981
 203951 words of memory out of 3000000
 9354 multiletter control sequences out of 15000+200000
 17477 words of font info for 85 fonts, out of 3000000 for 9000
 1489 hyphenation exceptions out of 8191
 34i,21n,32p,3269b,378s stack positions out of 5000i,500n,10000p,200000b,50000s

Output written on Schur-Horn Theorem.pdf (12 pages).
