\BOOKMARK [1][-]{section.1}{\376\377\0001\000.\000\040\137\267\154\325\133\127\153\315\123\321\227\363\123\312\123\125\213\315\123\321\227\363\211\304\122\031}{}% 1
\BOOKMARK [1][-]{section.2}{\376\377\0002\000.\000\040\126\375\133\266\124\015\124\214\213\355\212\000\124\015\133\371\161\147}{}% 2
\BOOKMARK [1][-]{section.3}{\376\377\0003\000.\000\040\133\127\173\046}{}% 3
\BOOKMARK [1][-]{section.4}{\376\377\0004\000.\000\040\152\041\147\177}{}% 4
\BOOKMARK [2][-]{subsection.4.1}{\376\377\0004\000.\0001\000.\000\040\201\352\142\021\116\313\176\315}{section.4}% 5
\BOOKMARK [2][-]{subsection.4.2}{\376\377\0004\000.\0002\000.\000\040\142\123\142\333\124\174}{section.4}% 6
\BOOKMARK [2][-]{subsection.4.3}{\376\377\0004\000.\0003\000.\000\040\213\304\116\367\131\175\000/\116\015\131\175}{section.4}% 7
\BOOKMARK [1][-]{section.5}{\376\377\0005\000.\000\040\213\376\130\002\165\050\213\355}{}% 8
\BOOKMARK [1][-]{section.6}{\376\377\0006\000.\000\040\145\160\133\127\116\016\145\366\225\364}{}% 9
\BOOKMARK [1][-]{section.7}{\376\377\0007\000.\000\040\116\343\213\315}{}% 10
\BOOKMARK [1][-]{section.8}{\376\377\0008\000.\000\040\217\336\213\315}{}% 11
\BOOKMARK [1][-]{section.9}{\376\377\0009\000.\000\040\116\313\213\315}{}% 12
\BOOKMARK [2][-]{subsection.9.1}{\376\377\0009\000.\0001\000.\000\040\116\313\213\315\116\016\145\366\225\364}{section.9}% 13
\BOOKMARK [2][-]{subsection.9.2}{\376\377\0009\000.\0002\000.\000\040\144\055\221\115\116\011\126\333\150\074\166\204\116\313\213\315\377\014\227\131\116\011\122\250\126\333}{section.9}% 14
\BOOKMARK [2][-]{subsection.9.3}{\376\377\0009\000.\0003\000.\000\040\144\055\221\115\116\011\150\074\166\204\116\313\213\315}{section.9}% 15
\BOOKMARK [2][-]{subsection.9.4}{\376\377\0009\000.\0004\000.\000\040\144\055\221\115\126\333\150\074\166\204\116\313\213\315}{section.9}% 16
\BOOKMARK [1][-]{section.10}{\376\377\0001\0000\000.\000\040\137\267\213\355\124\015\213\315\123\330\150\074\377\014\154\325\213\355\121\240\213\315}{}% 17
\BOOKMARK [1][-]{section.11}{\376\377\0001\0001\000.\000\040\122\250\213\315\123\330\117\115}{}% 18
\BOOKMARK [1][-]{section.12}{\376\377\0001\0002\000.\000\040\122\250\213\315}{}% 19
\BOOKMARK [2][-]{subsection.12.1}{\376\377\0001\0002\000.\0001\000.\000\040\162\171\153\212\122\250\213\315}{section.12}% 20
\BOOKMARK [1][-]{section.13}{\376\377\0001\0003\000.\000\040\124\015\213\315}{}% 21
\BOOKMARK [2][-]{subsection.13.1}{\376\377\0001\0003\000.\0001\000.\000\040\133\146\116\140\165\037\155\073}{section.13}% 22
\BOOKMARK [2][-]{subsection.13.2}{\376\377\0001\0003\000.\0002\000.\000\040\116\272}{section.13}% 23
\BOOKMARK [2][-]{subsection.13.3}{\376\377\0001\0003\000.\0003\000.\000\040\165\037\162\151}{section.13}% 24
\BOOKMARK [2][-]{subsection.13.4}{\376\377\0001\0003\000.\0004\000.\000\040\230\337\162\151}{section.13}% 25
\BOOKMARK [2][-]{subsection.13.5}{\376\377\0001\0003\000.\0005\000.\000\040\127\060\160\271\124\015}{section.13}% 26
\BOOKMARK [2][-]{subsection.13.6}{\376\377\0001\0003\000.\0006\000.\000\040\117\117\142\077}{section.13}% 27
\BOOKMARK [2][-]{subsection.13.7}{\376\377\0001\0003\000.\0007\000.\000\040\145\305\210\114}{section.13}% 28
\BOOKMARK [2][-]{subsection.13.8}{\376\377\0001\0003\000.\0008\000.\000\040\117\021\225\362}{section.13}% 29
\BOOKMARK [2][-]{subsection.13.9}{\376\377\0001\0003\000.\0009\000.\000\040\140\305\141\037}{section.13}% 30
\BOOKMARK [2][-]{subsection.13.10}{\376\377\0001\0003\000.\0001\0000\000.\000\040\121\166\116\326\142\275\214\141\124\015\213\315}{section.13}% 31
\BOOKMARK [2][-]{subsection.13.11}{\376\377\0001\0003\000.\0001\0001\000.\000\040\137\205\117\356\145\071}{section.13}% 32
\BOOKMARK [1][-]{section.14}{\376\377\0001\0004\000.\000\040\137\142\133\271\213\315}{}% 33
\BOOKMARK [1][-]{section.15}{\376\377\0001\0005\000.\000\040\122\157\213\315}{}% 34
\BOOKMARK [1][-]{section.16}{\376\377\0001\0006\000.\000\040\153\317\145\345\116\000\123\345}{}% 35
