This is XeTeX, Version 3.14159265-2.6-0.99999 (MiKTeX 2.9.6930 64-bit) (preloaded format=xelatex 2019.1.15)  2 JUN 2020 22:07
entering extended mode
**./poly4-2-1.tex
(poly4-2-1.tex
LaTeX2e <2018-12-01>

("C:\Users\Administrator\AppData\Local\Programs\MiKTeX 2.9\tex/latex/standalone
\standalone.cls"
Document Class: standalone 2018/03/26 v1.3a Class to compile TeX sub-files stan
dalone

("C:\Users\Administrator\AppData\Local\Programs\MiKTeX 2.9\tex/latex/tools\shel
lesc.sty"
Package: shellesc 2016/06/07 v0.02a unified shell escape interface for LaTeX
Package shellesc Info: Restricted shell escape enabled on input line 69.
)
("C:\Users\Administrator\AppData\Local\Programs\MiKTeX 2.9\tex/generic/oberdiek
\ifluatex.sty"
Package: ifluatex 2016/05/16 v1.4 Provides the ifluatex switch (HO)
Package ifluatex Info: LuaTeX not detected.
)
("C:\Users\Administrator\AppData\Local\Programs\MiKTeX 2.9\tex/generic/oberdiek
\ifpdf.sty"
Package: ifpdf 2018/09/07 v3.3 Provides the ifpdf switch
)
("C:\Users\Administrator\AppData\Local\Programs\MiKTeX 2.9\tex/generic/ifxetex\
ifxetex.sty"
Package: ifxetex 2010/09/12 v0.6 Provides ifxetex conditional
)
("C:\Users\Administrator\AppData\Local\Programs\MiKTeX 2.9\tex/latex/xkeyval\xk
eyval.sty"
Package: xkeyval 2014/12/03 v2.7a package option processing (HA)

("C:\Users\Administrator\AppData\Local\Programs\MiKTeX 2.9\tex/generic/xkeyval\
xkeyval.tex"
("C:\Users\Administrator\AppData\Local\Programs\MiKTeX 2.9\tex/generic/xkeyval\
xkvutils.tex"
\XKV@toks=\toks14
\XKV@tempa@toks=\toks15

("C:\Users\Administrator\AppData\Local\Programs\MiKTeX 2.9\tex/generic/xkeyval\
keyval.tex"))
\XKV@depth=\count80
File: xkeyval.tex 2014/12/03 v2.7a key=value parser (HA)
))
\sa@internal=\count81
\c@sapage=\count82

("C:\Users\Administrator\AppData\Local\Programs\MiKTeX 2.9\tex/latex/standalone
\standalone.cfg"
File: standalone.cfg 2018/03/26 v1.3a Default configuration file for 'standalon
e' class
)
("C:\Users\Administrator\AppData\Local\Programs\MiKTeX 2.9\tex/latex/base\artic
le.cls"
Document Class: article 2018/09/03 v1.4i Standard LaTeX document class

("C:\Users\Administrator\AppData\Local\Programs\MiKTeX 2.9\tex/latex/base\size1
0.clo"
File: size10.clo 2018/09/03 v1.4i Standard LaTeX file (size option)
)
\c@part=\count83
\c@section=\count84
\c@subsection=\count85
\c@subsubsection=\count86
\c@paragraph=\count87
\c@subparagraph=\count88
\c@figure=\count89
\c@table=\count90
\abovecaptionskip=\skip41
\belowcaptionskip=\skip42
\bibindent=\dimen102
)
\sa@box=\box27
)
("C:\Users\Administrator\AppData\Local\Programs\MiKTeX 2.9\tex/latex/tikz-cd\ti
kz-cd.sty"
Package: tikz-cd 2018/11/19 v0.9f Commutative diagrams with TikZ

("C:\Users\Administrator\AppData\Local\Programs\MiKTeX 2.9\tex/latex/pgf/fronte
ndlayer\tikz.sty"
("C:\Users\Administrator\AppData\Local\Programs\MiKTeX 2.9\tex/latex/pgf/basicl
ayer\pgf.sty"
("C:\Users\Administrator\AppData\Local\Programs\MiKTeX 2.9\tex/latex/pgf/utilit
ies\pgfrcs.sty"
("C:\Users\Administrator\AppData\Local\Programs\MiKTeX 2.9\tex/generic/pgf/util
ities\pgfutil-common.tex"
\pgfutil@everybye=\toks16
\pgfutil@tempdima=\dimen103
\pgfutil@tempdimb=\dimen104

("C:\Users\Administrator\AppData\Local\Programs\MiKTeX 2.9\tex/generic/pgf/util
ities\pgfutil-common-lists.tex"))
("C:\Users\Administrator\AppData\Local\Programs\MiKTeX 2.9\tex/generic/pgf/util
ities\pgfutil-latex.def"
\pgfutil@abb=\box28

("C:\Users\Administrator\AppData\Local\Programs\MiKTeX 2.9\tex/latex/ms\everysh
i.sty"
Package: everyshi 2001/05/15 v3.00 EveryShipout Package (MS)
))
("C:\Users\Administrator\AppData\Local\Programs\MiKTeX 2.9\tex/generic/pgf/util
ities\pgfrcs.code.tex"
("C:\Users\Administrator\AppData\Local\Programs\MiKTeX 2.9\tex/generic/pgf\pgf.
revision.tex")
Package: pgfrcs 2019/01/05 v3.1 (3.1)
))
Package: pgf 2019/01/05 v3.1 (3.1)

("C:\Users\Administrator\AppData\Local\Programs\MiKTeX 2.9\tex/latex/pgf/basicl
ayer\pgfcore.sty"
("C:\Users\Administrator\AppData\Local\Programs\MiKTeX 2.9\tex/latex/graphics\g
raphicx.sty"
Package: graphicx 2017/06/01 v1.1a Enhanced LaTeX Graphics (DPC,SPQR)

("C:\Users\Administrator\AppData\Local\Programs\MiKTeX 2.9\tex/latex/graphics\g
raphics.sty"
Package: graphics 2017/06/25 v1.2c Standard LaTeX Graphics (DPC,SPQR)

("C:\Users\Administrator\AppData\Local\Programs\MiKTeX 2.9\tex/latex/graphics\t
rig.sty"
Package: trig 2016/01/03 v1.10 sin cos tan (DPC)
)
("C:\Users\Administrator\AppData\Local\Programs\MiKTeX 2.9\tex/latex/graphics-c
fg\graphics.cfg"
File: graphics.cfg 2016/06/04 v1.11 sample graphics configuration
)
Package graphics Info: Driver file: xetex.def on input line 99.

("C:\Users\Administrator\AppData\Local\Programs\MiKTeX 2.9\tex/latex/graphics-d
ef\xetex.def"
File: xetex.def 2017/06/24 v5.0h Graphics/color driver for xetex
))
\Gin@req@height=\dimen105
\Gin@req@width=\dimen106
)
("C:\Users\Administrator\AppData\Local\Programs\MiKTeX 2.9\tex/latex/pgf/system
layer\pgfsys.sty"
("C:\Users\Administrator\AppData\Local\Programs\MiKTeX 2.9\tex/generic/pgf/syst
emlayer\pgfsys.code.tex"
Package: pgfsys 2019/01/05 v3.1 (3.1)

("C:\Users\Administrator\AppData\Local\Programs\MiKTeX 2.9\tex/generic/pgf/util
ities\pgfkeys.code.tex"
\pgfkeys@pathtoks=\toks17
\pgfkeys@temptoks=\toks18

("C:\Users\Administrator\AppData\Local\Programs\MiKTeX 2.9\tex/generic/pgf/util
ities\pgfkeysfiltered.code.tex"
\pgfkeys@tmptoks=\toks19
))
\pgf@x=\dimen107
\pgf@y=\dimen108
\pgf@xa=\dimen109
\pgf@ya=\dimen110
\pgf@xb=\dimen111
\pgf@yb=\dimen112
\pgf@xc=\dimen113
\pgf@yc=\dimen114
\w@pgf@writea=\write3
\r@pgf@reada=\read1
\c@pgf@counta=\count91
\c@pgf@countb=\count92
\c@pgf@countc=\count93
\c@pgf@countd=\count94
\t@pgf@toka=\toks20
\t@pgf@tokb=\toks21
\t@pgf@tokc=\toks22
\pgf@sys@id@count=\count95

("C:\Users\Administrator\AppData\Local\Programs\MiKTeX 2.9\tex/generic/pgf/syst
emlayer\pgf.cfg"
File: pgf.cfg 2019/01/05 v3.1 (3.1)
)
Driver file for pgf: pgfsys-xetex.def

("C:\Users\Administrator\AppData\Local\Programs\MiKTeX 2.9\tex/generic/pgf/syst
emlayer\pgfsys-xetex.def"
File: pgfsys-xetex.def 2019/01/05 v3.1 (3.1)

("C:\Users\Administrator\AppData\Local\Programs\MiKTeX 2.9\tex/generic/pgf/syst
emlayer\pgfsys-dvipdfmx.def"
File: pgfsys-dvipdfmx.def 2019/01/05 v3.1 (3.1)

("C:\Users\Administrator\AppData\Local\Programs\MiKTeX 2.9\tex/generic/pgf/syst
emlayer\pgfsys-common-pdf.def"
File: pgfsys-common-pdf.def 2019/01/05 v3.1 (3.1)
)
\pgfsys@objnum=\count96
)))
("C:\Users\Administrator\AppData\Local\Programs\MiKTeX 2.9\tex/generic/pgf/syst
emlayer\pgfsyssoftpath.code.tex"
File: pgfsyssoftpath.code.tex 2019/01/05 v3.1 (3.1)
\pgfsyssoftpath@smallbuffer@items=\count97
\pgfsyssoftpath@bigbuffer@items=\count98
)
("C:\Users\Administrator\AppData\Local\Programs\MiKTeX 2.9\tex/generic/pgf/syst
emlayer\pgfsysprotocol.code.tex"
File: pgfsysprotocol.code.tex 2019/01/05 v3.1 (3.1)
))
("C:\Users\Administrator\AppData\Local\Programs\MiKTeX 2.9\tex/latex/xcolor\xco
lor.sty"
Package: xcolor 2016/05/11 v2.12 LaTeX color extensions (UK)

("C:\Users\Administrator\AppData\Local\Programs\MiKTeX 2.9\tex/latex/graphics-c
fg\color.cfg"
File: color.cfg 2016/01/02 v1.6 sample color configuration
)
Package xcolor Info: Driver file: xetex.def on input line 225.
Package xcolor Info: Model `cmy' substituted by `cmy0' on input line 1348.
Package xcolor Info: Model `RGB' extended on input line 1364.
Package xcolor Info: Model `HTML' substituted by `rgb' on input line 1366.
Package xcolor Info: Model `Hsb' substituted by `hsb' on input line 1367.
Package xcolor Info: Model `tHsb' substituted by `hsb' on input line 1368.
Package xcolor Info: Model `HSB' substituted by `hsb' on input line 1369.
Package xcolor Info: Model `Gray' substituted by `gray' on input line 1370.
Package xcolor Info: Model `wave' substituted by `hsb' on input line 1371.
)
("C:\Users\Administrator\AppData\Local\Programs\MiKTeX 2.9\tex/generic/pgf/basi
clayer\pgfcore.code.tex"
Package: pgfcore 2019/01/05 v3.1 (3.1)

("C:\Users\Administrator\AppData\Local\Programs\MiKTeX 2.9\tex/generic/pgf/math
\pgfmath.code.tex"
("C:\Users\Administrator\AppData\Local\Programs\MiKTeX 2.9\tex/generic/pgf/math
\pgfmathcalc.code.tex"
("C:\Users\Administrator\AppData\Local\Programs\MiKTeX 2.9\tex/generic/pgf/math
\pgfmathutil.code.tex")
("C:\Users\Administrator\AppData\Local\Programs\MiKTeX 2.9\tex/generic/pgf/math
\pgfmathparser.code.tex"
\pgfmath@dimen=\dimen115
\pgfmath@count=\count99
\pgfmath@box=\box29
\pgfmath@toks=\toks23
\pgfmath@stack@operand=\toks24
\pgfmath@stack@operation=\toks25
)
("C:\Users\Administrator\AppData\Local\Programs\MiKTeX 2.9\tex/generic/pgf/math
\pgfmathfunctions.code.tex"
("C:\Users\Administrator\AppData\Local\Programs\MiKTeX 2.9\tex/generic/pgf/math
\pgfmathfunctions.basic.code.tex")
("C:\Users\Administrator\AppData\Local\Programs\MiKTeX 2.9\tex/generic/pgf/math
\pgfmathfunctions.trigonometric.code.tex")
("C:\Users\Administrator\AppData\Local\Programs\MiKTeX 2.9\tex/generic/pgf/math
\pgfmathfunctions.random.code.tex")
("C:\Users\Administrator\AppData\Local\Programs\MiKTeX 2.9\tex/generic/pgf/math
\pgfmathfunctions.comparison.code.tex")
("C:\Users\Administrator\AppData\Local\Programs\MiKTeX 2.9\tex/generic/pgf/math
\pgfmathfunctions.base.code.tex")
("C:\Users\Administrator\AppData\Local\Programs\MiKTeX 2.9\tex/generic/pgf/math
\pgfmathfunctions.round.code.tex")
("C:\Users\Administrator\AppData\Local\Programs\MiKTeX 2.9\tex/generic/pgf/math
\pgfmathfunctions.misc.code.tex")
("C:\Users\Administrator\AppData\Local\Programs\MiKTeX 2.9\tex/generic/pgf/math
\pgfmathfunctions.integerarithmetics.code.tex")))
("C:\Users\Administrator\AppData\Local\Programs\MiKTeX 2.9\tex/generic/pgf/math
\pgfmathfloat.code.tex"
\c@pgfmathroundto@lastzeros=\count100
))
("C:\Users\Administrator\AppData\Local\Programs\MiKTeX 2.9\tex/generic/pgf/basi
clayer\pgfcorepoints.code.tex"
File: pgfcorepoints.code.tex 2019/01/05 v3.1 (3.1)
\pgf@picminx=\dimen116
\pgf@picmaxx=\dimen117
\pgf@picminy=\dimen118
\pgf@picmaxy=\dimen119
\pgf@pathminx=\dimen120
\pgf@pathmaxx=\dimen121
\pgf@pathminy=\dimen122
\pgf@pathmaxy=\dimen123
\pgf@xx=\dimen124
\pgf@xy=\dimen125
\pgf@yx=\dimen126
\pgf@yy=\dimen127
\pgf@zx=\dimen128
\pgf@zy=\dimen129
)
("C:\Users\Administrator\AppData\Local\Programs\MiKTeX 2.9\tex/generic/pgf/basi
clayer\pgfcorepathconstruct.code.tex"
File: pgfcorepathconstruct.code.tex 2019/01/05 v3.1 (3.1)
\pgf@path@lastx=\dimen130
\pgf@path@lasty=\dimen131
)
("C:\Users\Administrator\AppData\Local\Programs\MiKTeX 2.9\tex/generic/pgf/basi
clayer\pgfcorepathusage.code.tex"
File: pgfcorepathusage.code.tex 2019/01/05 v3.1 (3.1)
\pgf@shorten@end@additional=\dimen132
\pgf@shorten@start@additional=\dimen133
)
("C:\Users\Administrator\AppData\Local\Programs\MiKTeX 2.9\tex/generic/pgf/basi
clayer\pgfcorescopes.code.tex"
File: pgfcorescopes.code.tex 2019/01/05 v3.1 (3.1)
\pgfpic=\box30
\pgf@hbox=\box31
\pgf@layerbox@main=\box32
\pgf@picture@serial@count=\count101
)
("C:\Users\Administrator\AppData\Local\Programs\MiKTeX 2.9\tex/generic/pgf/basi
clayer\pgfcoregraphicstate.code.tex"
File: pgfcoregraphicstate.code.tex 2019/01/05 v3.1 (3.1)
\pgflinewidth=\dimen134
)
("C:\Users\Administrator\AppData\Local\Programs\MiKTeX 2.9\tex/generic/pgf/basi
clayer\pgfcoretransformations.code.tex"
File: pgfcoretransformations.code.tex 2019/01/05 v3.1 (3.1)
\pgf@pt@x=\dimen135
\pgf@pt@y=\dimen136
\pgf@pt@temp=\dimen137
)
("C:\Users\Administrator\AppData\Local\Programs\MiKTeX 2.9\tex/generic/pgf/basi
clayer\pgfcorequick.code.tex"
File: pgfcorequick.code.tex 2019/01/05 v3.1 (3.1)
)
("C:\Users\Administrator\AppData\Local\Programs\MiKTeX 2.9\tex/generic/pgf/basi
clayer\pgfcoreobjects.code.tex"
File: pgfcoreobjects.code.tex 2019/01/05 v3.1 (3.1)
)
("C:\Users\Administrator\AppData\Local\Programs\MiKTeX 2.9\tex/generic/pgf/basi
clayer\pgfcorepathprocessing.code.tex"
File: pgfcorepathprocessing.code.tex 2019/01/05 v3.1 (3.1)
)
("C:\Users\Administrator\AppData\Local\Programs\MiKTeX 2.9\tex/generic/pgf/basi
clayer\pgfcorearrows.code.tex"
File: pgfcorearrows.code.tex 2019/01/05 v3.1 (3.1)
\pgfarrowsep=\dimen138
)
("C:\Users\Administrator\AppData\Local\Programs\MiKTeX 2.9\tex/generic/pgf/basi
clayer\pgfcoreshade.code.tex"
File: pgfcoreshade.code.tex 2019/01/05 v3.1 (3.1)
\pgf@max=\dimen139
\pgf@sys@shading@range@num=\count102
)
("C:\Users\Administrator\AppData\Local\Programs\MiKTeX 2.9\tex/generic/pgf/basi
clayer\pgfcoreimage.code.tex"
File: pgfcoreimage.code.tex 2019/01/05 v3.1 (3.1)

("C:\Users\Administrator\AppData\Local\Programs\MiKTeX 2.9\tex/generic/pgf/basi
clayer\pgfcoreexternal.code.tex"
File: pgfcoreexternal.code.tex 2019/01/05 v3.1 (3.1)
\pgfexternal@startupbox=\box33
))
("C:\Users\Administrator\AppData\Local\Programs\MiKTeX 2.9\tex/generic/pgf/basi
clayer\pgfcorelayers.code.tex"
File: pgfcorelayers.code.tex 2019/01/05 v3.1 (3.1)
)
("C:\Users\Administrator\AppData\Local\Programs\MiKTeX 2.9\tex/generic/pgf/basi
clayer\pgfcoretransparency.code.tex"
File: pgfcoretransparency.code.tex 2019/01/05 v3.1 (3.1)
)
("C:\Users\Administrator\AppData\Local\Programs\MiKTeX 2.9\tex/generic/pgf/basi
clayer\pgfcorepatterns.code.tex"
File: pgfcorepatterns.code.tex 2019/01/05 v3.1 (3.1)
)
("C:\Users\Administrator\AppData\Local\Programs\MiKTeX 2.9\tex/generic/pgf/basi
clayer\pgfcorerdf.code.tex"
File: pgfcorerdf.code.tex 2019/01/05 v3.1 (3.1)
)))
("C:\Users\Administrator\AppData\Local\Programs\MiKTeX 2.9\tex/generic/pgf/modu
les\pgfmoduleshapes.code.tex"
File: pgfmoduleshapes.code.tex 2019/01/05 v3.1 (3.1)
\pgfnodeparttextbox=\box34
)
("C:\Users\Administrator\AppData\Local\Programs\MiKTeX 2.9\tex/generic/pgf/modu
les\pgfmoduleplot.code.tex"
File: pgfmoduleplot.code.tex 2019/01/05 v3.1 (3.1)
)
("C:\Users\Administrator\AppData\Local\Programs\MiKTeX 2.9\tex/latex/pgf/compat
ibility\pgfcomp-version-0-65.sty"
Package: pgfcomp-version-0-65 2019/01/05 v3.1 (3.1)
\pgf@nodesepstart=\dimen140
\pgf@nodesepend=\dimen141
)
("C:\Users\Administrator\AppData\Local\Programs\MiKTeX 2.9\tex/latex/pgf/compat
ibility\pgfcomp-version-1-18.sty"
Package: pgfcomp-version-1-18 2019/01/05 v3.1 (3.1)
))
("C:\Users\Administrator\AppData\Local\Programs\MiKTeX 2.9\tex/latex/pgf/utilit
ies\pgffor.sty"
("C:\Users\Administrator\AppData\Local\Programs\MiKTeX 2.9\tex/latex/pgf/utilit
ies\pgfkeys.sty"
("C:\Users\Administrator\AppData\Local\Programs\MiKTeX 2.9\tex/generic/pgf/util
ities\pgfkeys.code.tex"))
("C:\Users\Administrator\AppData\Local\Programs\MiKTeX 2.9\tex/latex/pgf/math\p
gfmath.sty"
("C:\Users\Administrator\AppData\Local\Programs\MiKTeX 2.9\tex/generic/pgf/math
\pgfmath.code.tex"))
("C:\Users\Administrator\AppData\Local\Programs\MiKTeX 2.9\tex/generic/pgf/util
ities\pgffor.code.tex"
Package: pgffor 2019/01/05 v3.1 (3.1)

("C:\Users\Administrator\AppData\Local\Programs\MiKTeX 2.9\tex/generic/pgf/math
\pgfmath.code.tex")
\pgffor@iter=\dimen142
\pgffor@skip=\dimen143
\pgffor@stack=\toks26
\pgffor@toks=\toks27
))
("C:\Users\Administrator\AppData\Local\Programs\MiKTeX 2.9\tex/generic/pgf/fron
tendlayer/tikz\tikz.code.tex"
Package: tikz 2019/01/05 v3.1 (3.1)

("C:\Users\Administrator\AppData\Local\Programs\MiKTeX 2.9\tex/generic/pgf/libr
aries\pgflibraryplothandlers.code.tex"
File: pgflibraryplothandlers.code.tex 2019/01/05 v3.1 (3.1)
\pgf@plot@mark@count=\count103
\pgfplotmarksize=\dimen144
)
\tikz@lastx=\dimen145
\tikz@lasty=\dimen146
\tikz@lastxsaved=\dimen147
\tikz@lastysaved=\dimen148
\tikzleveldistance=\dimen149
\tikzsiblingdistance=\dimen150
\tikz@figbox=\box35
\tikz@figbox@bg=\box36
\tikz@tempbox=\box37
\tikz@tempbox@bg=\box38
\tikztreelevel=\count104
\tikznumberofchildren=\count105
\tikznumberofcurrentchild=\count106
\tikz@fig@count=\count107

("C:\Users\Administrator\AppData\Local\Programs\MiKTeX 2.9\tex/generic/pgf/modu
les\pgfmodulematrix.code.tex"
File: pgfmodulematrix.code.tex 2019/01/05 v3.1 (3.1)
\pgfmatrixcurrentrow=\count108
\pgfmatrixcurrentcolumn=\count109
\pgf@matrix@numberofcolumns=\count110
)
\tikz@expandcount=\count111

("C:\Users\Administrator\AppData\Local\Programs\MiKTeX 2.9\tex/generic/pgf/fron
tendlayer/tikz/libraries\tikzlibrarytopaths.code.tex"
File: tikzlibrarytopaths.code.tex 2019/01/05 v3.1 (3.1)
)))
("C:\Users\Administrator\AppData\Local\Programs\MiKTeX 2.9\tex/latex/tikz-cd\ti
kzlibrarycd.code.tex"
("C:\Users\Administrator\AppData\Local\Programs\MiKTeX 2.9\tex/generic/pgf/fron
tendlayer/tikz/libraries\tikzlibrarymatrix.code.tex"
File: tikzlibrarymatrix.code.tex 2019/01/05 v3.1 (3.1)
)
("C:\Users\Administrator\AppData\Local\Programs\MiKTeX 2.9\tex/generic/pgf/fron
tendlayer/tikz/libraries\tikzlibraryquotes.code.tex"
File: tikzlibraryquotes.code.tex 2019/01/05 v3.1 (3.1)
)
("C:\Users\Administrator\AppData\Local\Programs\MiKTeX 2.9\tex/generic/pgf/libr
aries\pgflibraryarrows.meta.code.tex"
File: pgflibraryarrows.meta.code.tex 2019/01/05 v3.1 (3.1)
\pgfarrowinset=\dimen151
\pgfarrowlength=\dimen152
\pgfarrowwidth=\dimen153
\pgfarrowlinewidth=\dimen154
)))
("C:\Users\Administrator\AppData\Local\Programs\MiKTeX 2.9\tex/latex/tikz-3dplo
t\tikz-3dplot.sty"
("C:\Users\Administrator\AppData\Local\Programs\MiKTeX 2.9\tex/latex/base\ifthe
n.sty"
Package: ifthen 2014/09/29 v1.1c Standard LaTeX ifthen package (DPC)
)
("C:\Users\Administrator\AppData\Local\Programs\MiKTeX 2.9\tex/generic/pgf/fron
tendlayer/tikz/libraries\tikzlibrarycalc.code.tex"
File: tikzlibrarycalc.code.tex 2019/01/05 v3.1 (3.1)
)
("C:\Users\Administrator\AppData\Local\Programs\MiKTeX 2.9\tex/generic/pgf/fron
tendlayer/tikz/libraries\tikzlibrary3d.code.tex"
File: tikzlibrary3d.code.tex 2019/01/05 v3.1 (3.1)
)
("C:\Users\Administrator\AppData\Local\Programs\MiKTeX 2.9\tex/generic/pgf/fron
tendlayer/tikz/libraries\tikzlibraryarrows.code.tex"
File: tikzlibraryarrows.code.tex 2019/01/05 v3.1 (3.1)

("C:\Users\Administrator\AppData\Local\Programs\MiKTeX 2.9\tex/generic/pgf/libr
aries\pgflibraryarrows.code.tex"
File: pgflibraryarrows.code.tex 2019/01/05 v3.1 (3.1)
\arrowsize=\dimen155
)))
("C:\Users\Administrator\AppData\Local\Programs\MiKTeX 2.9\tex/generic/pgf/fron
tendlayer/tikz/libraries\tikzlibraryshapes.geometric.code.tex"
File: tikzlibraryshapes.geometric.code.tex 2019/01/05 v3.1 (3.1)

("C:\Users\Administrator\AppData\Local\Programs\MiKTeX 2.9\tex/generic/pgf/libr
aries/shapes\pgflibraryshapes.geometric.code.tex"
File: pgflibraryshapes.geometric.code.tex 2019/01/05 v3.1 (3.1)
))
("C:\Users\Administrator\AppData\Local\Programs\MiKTeX 2.9\tex/generic/pgf/fron
tendlayer/tikz/libraries\tikzlibrarybackgrounds.code.tex"
File: tikzlibrarybackgrounds.code.tex 2019/01/05 v3.1 (3.1)
\pgf@layerbox@background=\box39
\pgf@layerboxsaved@background=\box40
)
("C:\Users\Administrator\AppData\Local\Programs\MiKTeX 2.9\tex/latex/pgf/fronte
ndlayer/libraries\tikzlibraryexternal.code.tex"
("C:\Users\Administrator\AppData\Local\Programs\MiKTeX 2.9\tex/generic/oberdiek
\pdftexcmds.sty"
Package: pdftexcmds 2018/09/10 v0.29 Utility functions of pdfTeX for LuaTeX (HO
)

("C:\Users\Administrator\AppData\Local\Programs\MiKTeX 2.9\tex/generic/oberdiek
\infwarerr.sty"
Package: infwarerr 2016/05/16 v1.4 Providing info/warning/error messages (HO)
)
("C:\Users\Administrator\AppData\Local\Programs\MiKTeX 2.9\tex/generic/oberdiek
\ltxcmds.sty"
Package: ltxcmds 2016/05/16 v1.23 LaTeX kernel commands for general use (HO)
)
Package pdftexcmds Info: LuaTeX not detected.
Package pdftexcmds Info: pdfTeX >= 1.30 not detected.
Package pdftexcmds Info: \pdf@primitive is available.
Package pdftexcmds Info: \pdf@ifprimitive is available.
Package pdftexcmds Info: \pdfdraftmode not found.
)
("C:\Users\Administrator\AppData\Local\Programs\MiKTeX 2.9\tex/latex/oberdiek\a
tveryend.sty"
Package: atveryend 2016/05/16 v1.9 Hooks at the very end of document (HO)
)
("C:\Users\Administrator\AppData\Local\Programs\MiKTeX 2.9\tex/generic/pgf/fron
tendlayer/tikz/libraries\tikzexternalshared.code.tex"))
("C:\Users\Administrator\AppData\Local\Programs\MiKTeX 2.9\tex/generic/pgf/fron
tendlayer/tikz/libraries\tikzlibrarydecorations.pathmorphing.code.tex"
("C:\Users\Administrator\AppData\Local\Programs\MiKTeX 2.9\tex/generic/pgf/fron
tendlayer/tikz/libraries\tikzlibrarydecorations.code.tex"
("C:\Users\Administrator\AppData\Local\Programs\MiKTeX 2.9\tex/generic/pgf/modu
les\pgfmoduledecorations.code.tex"
\pgfdecoratedcompleteddistance=\dimen156
\pgfdecoratedremainingdistance=\dimen157
\pgfdecoratedinputsegmentcompleteddistance=\dimen158
\pgfdecoratedinputsegmentremainingdistance=\dimen159
\pgf@decorate@distancetomove=\dimen160
\pgf@decorate@repeatstate=\count112
\pgfdecorationsegmentamplitude=\dimen161
\pgfdecorationsegmentlength=\dimen162
)
\tikz@lib@dec@box=\box41
)
("C:\Users\Administrator\AppData\Local\Programs\MiKTeX 2.9\tex/generic/pgf/libr
aries/decorations\pgflibrarydecorations.pathmorphing.code.tex"))
("C:\Users\Administrator\AppData\Local\Programs\MiKTeX 2.9\tex/generic/pgf/fron
tendlayer/tikz/libraries\tikzlibrarydecorations.shapes.code.tex"
("C:\Users\Administrator\AppData\Local\Programs\MiKTeX 2.9\tex/generic/pgf/libr
aries/decorations\pgflibrarydecorations.shapes.code.tex"))
("C:\Users\Administrator\AppData\Local\Programs\MiKTeX 2.9\tex/generic/pgf/fron
tendlayer/tikz/libraries\tikzlibrarydecorations.markings.code.tex"
("C:\Users\Administrator\AppData\Local\Programs\MiKTeX 2.9\tex/generic/pgf/libr
aries/decorations\pgflibrarydecorations.markings.code.tex")) (poly4-2-1.aux)
\openout1 = `poly4-2-1.aux'.

LaTeX Font Info:    Checking defaults for OML/cmm/m/it on input line 6.
LaTeX Font Info:    ... okay on input line 6.
LaTeX Font Info:    Checking defaults for T1/cmr/m/n on input line 6.
LaTeX Font Info:    ... okay on input line 6.
LaTeX Font Info:    Checking defaults for OT1/cmr/m/n on input line 6.
LaTeX Font Info:    ... okay on input line 6.
LaTeX Font Info:    Checking defaults for OMS/cmsy/m/n on input line 6.
LaTeX Font Info:    ... okay on input line 6.
LaTeX Font Info:    Checking defaults for TU/lmr/m/n on input line 6.
LaTeX Font Info:    ... okay on input line 6.
LaTeX Font Info:    Checking defaults for OMX/cmex/m/n on input line 6.
LaTeX Font Info:    ... okay on input line 6.
LaTeX Font Info:    Checking defaults for U/cmr/m/n on input line 6.
LaTeX Font Info:    ... okay on input line 6.

ABD: EveryShipout initializing macros
LaTeX Font Info:    External font `cmex10' loaded for size
(Font)              <7> on input line 75.
LaTeX Font Info:    External font `cmex10' loaded for size
(Font)              <5> on input line 75.
 [1

]
Package atveryend Info: Empty hook `BeforeClearDocument' on input line 91.
Package atveryend Info: Empty hook `AfterLastShipout' on input line 91.
 (poly4-2-1.aux)
Package atveryend Info: Executing hook `AtVeryEndDocument' on input line 91.
Package atveryend Info: Empty hook `AtEndAfterFileList' on input line 91.
 ) 
Here is how much of TeX's memory you used:
 15021 strings out of 427748
 334944 string characters out of 3150981
 374042 words of memory out of 3000000
 18814 multiletter control sequences out of 15000+200000
 3648 words of font info for 15 fonts, out of 3000000 for 9000
 1328 hyphenation exceptions out of 8191
 61i,5n,84p,649b,1097s stack positions out of 5000i,500n,10000p,200000b,50000s

Output written on poly4-2-1.pdf (1 page).
