This is pdfTeX, Version 3.14159265-2.6-1.40.19 (MiKTeX 2.9.6930 64-bit) (preloaded format=pdflatex 2019.1.15)  26 FEB 2023 15:10
entering extended mode
**./MWE5.tex
(MWE5.tex
LaTeX2e <2018-12-01>

("C:\Users\Administrator\AppData\Local\Programs\MiKTeX 2.9\tex/latex/base\artic
le.cls"
Document Class: article 2018/09/03 v1.4i Standard LaTeX document class

("C:\Users\Administrator\AppData\Local\Programs\MiKTeX 2.9\tex/latex/base\size1
0.clo"
File: size10.clo 2018/09/03 v1.4i Standard LaTeX file (size option)
)
\c@part=\count80
\c@section=\count81
\c@subsection=\count82
\c@subsubsection=\count83
\c@paragraph=\count84
\c@subparagraph=\count85
\c@figure=\count86
\c@table=\count87
\abovecaptionskip=\skip41
\belowcaptionskip=\skip42
\bibindent=\dimen102
)
("C:\Users\Administrator\AppData\Local\Programs\MiKTeX 2.9\tex/latex/pgf/fronte
ndlayer\tikz.sty"
("C:\Users\Administrator\AppData\Local\Programs\MiKTeX 2.9\tex/latex/pgf/basicl
ayer\pgf.sty"
("C:\Users\Administrator\AppData\Local\Programs\MiKTeX 2.9\tex/latex/pgf/utilit
ies\pgfrcs.sty"
("C:\Users\Administrator\AppData\Local\Programs\MiKTeX 2.9\tex/generic/pgf/util
ities\pgfutil-common.tex"
\pgfutil@everybye=\toks14
\pgfutil@tempdima=\dimen103
\pgfutil@tempdimb=\dimen104

("C:\Users\Administrator\AppData\Local\Programs\MiKTeX 2.9\tex/generic/pgf/util
ities\pgfutil-common-lists.tex"))
("C:\Users\Administrator\AppData\Local\Programs\MiKTeX 2.9\tex/generic/pgf/util
ities\pgfutil-latex.def"
\pgfutil@abb=\box27

("C:\Users\Administrator\AppData\Local\Programs\MiKTeX 2.9\tex/latex/ms\everysh
i.sty"
Package: everyshi 2001/05/15 v3.00 EveryShipout Package (MS)
))
("C:\Users\Administrator\AppData\Local\Programs\MiKTeX 2.9\tex/generic/pgf/util
ities\pgfrcs.code.tex"
("C:\Users\Administrator\AppData\Local\Programs\MiKTeX 2.9\tex/generic/pgf\pgf.
revision.tex")
Package: pgfrcs 2019/01/05 v3.1 (3.1)
))
Package: pgf 2019/01/05 v3.1 (3.1)

("C:\Users\Administrator\AppData\Local\Programs\MiKTeX 2.9\tex/latex/pgf/basicl
ayer\pgfcore.sty"
("C:\Users\Administrator\AppData\Local\Programs\MiKTeX 2.9\tex/latex/graphics\g
raphicx.sty"
Package: graphicx 2017/06/01 v1.1a Enhanced LaTeX Graphics (DPC,SPQR)

("C:\Users\Administrator\AppData\Local\Programs\MiKTeX 2.9\tex/latex/graphics\k
eyval.sty"
Package: keyval 2014/10/28 v1.15 key=value parser (DPC)
\KV@toks@=\toks15
)
("C:\Users\Administrator\AppData\Local\Programs\MiKTeX 2.9\tex/latex/graphics\g
raphics.sty"
Package: graphics 2017/06/25 v1.2c Standard LaTeX Graphics (DPC,SPQR)

("C:\Users\Administrator\AppData\Local\Programs\MiKTeX 2.9\tex/latex/graphics\t
rig.sty"
Package: trig 2016/01/03 v1.10 sin cos tan (DPC)
)
("C:\Users\Administrator\AppData\Local\Programs\MiKTeX 2.9\tex/latex/graphics-c
fg\graphics.cfg"
File: graphics.cfg 2016/06/04 v1.11 sample graphics configuration
)
Package graphics Info: Driver file: pdftex.def on input line 99.

("C:\Users\Administrator\AppData\Local\Programs\MiKTeX 2.9\tex/latex/graphics-d
ef\pdftex.def"
File: pdftex.def 2018/01/08 v1.0l Graphics/color driver for pdftex
))
\Gin@req@height=\dimen105
\Gin@req@width=\dimen106
)
("C:\Users\Administrator\AppData\Local\Programs\MiKTeX 2.9\tex/latex/pgf/system
layer\pgfsys.sty"
("C:\Users\Administrator\AppData\Local\Programs\MiKTeX 2.9\tex/generic/pgf/syst
emlayer\pgfsys.code.tex"
Package: pgfsys 2019/01/05 v3.1 (3.1)

("C:\Users\Administrator\AppData\Local\Programs\MiKTeX 2.9\tex/generic/pgf/util
ities\pgfkeys.code.tex"
\pgfkeys@pathtoks=\toks16
\pgfkeys@temptoks=\toks17

("C:\Users\Administrator\AppData\Local\Programs\MiKTeX 2.9\tex/generic/pgf/util
ities\pgfkeysfiltered.code.tex"
\pgfkeys@tmptoks=\toks18
))
\pgf@x=\dimen107
\pgf@y=\dimen108
\pgf@xa=\dimen109
\pgf@ya=\dimen110
\pgf@xb=\dimen111
\pgf@yb=\dimen112
\pgf@xc=\dimen113
\pgf@yc=\dimen114
\w@pgf@writea=\write3
\r@pgf@reada=\read1
\c@pgf@counta=\count88
\c@pgf@countb=\count89
\c@pgf@countc=\count90
\c@pgf@countd=\count91
\t@pgf@toka=\toks19
\t@pgf@tokb=\toks20
\t@pgf@tokc=\toks21
\pgf@sys@id@count=\count92

("C:\Users\Administrator\AppData\Local\Programs\MiKTeX 2.9\tex/generic/pgf/syst
emlayer\pgf.cfg"
File: pgf.cfg 2019/01/05 v3.1 (3.1)
)
Driver file for pgf: pgfsys-pdftex.def

("C:\Users\Administrator\AppData\Local\Programs\MiKTeX 2.9\tex/generic/pgf/syst
emlayer\pgfsys-pdftex.def"
File: pgfsys-pdftex.def 2019/01/05 v3.1 (3.1)

("C:\Users\Administrator\AppData\Local\Programs\MiKTeX 2.9\tex/generic/pgf/syst
emlayer\pgfsys-common-pdf.def"
File: pgfsys-common-pdf.def 2019/01/05 v3.1 (3.1)
)))
("C:\Users\Administrator\AppData\Local\Programs\MiKTeX 2.9\tex/generic/pgf/syst
emlayer\pgfsyssoftpath.code.tex"
File: pgfsyssoftpath.code.tex 2019/01/05 v3.1 (3.1)
\pgfsyssoftpath@smallbuffer@items=\count93
\pgfsyssoftpath@bigbuffer@items=\count94
)
("C:\Users\Administrator\AppData\Local\Programs\MiKTeX 2.9\tex/generic/pgf/syst
emlayer\pgfsysprotocol.code.tex"
File: pgfsysprotocol.code.tex 2019/01/05 v3.1 (3.1)
))
("C:\Users\Administrator\AppData\Local\Programs\MiKTeX 2.9\tex/latex/xcolor\xco
lor.sty"
Package: xcolor 2016/05/11 v2.12 LaTeX color extensions (UK)

("C:\Users\Administrator\AppData\Local\Programs\MiKTeX 2.9\tex/latex/graphics-c
fg\color.cfg"
File: color.cfg 2016/01/02 v1.6 sample color configuration
)
Package xcolor Info: Driver file: pdftex.def on input line 225.
Package xcolor Info: Model `cmy' substituted by `cmy0' on input line 1348.
Package xcolor Info: Model `hsb' substituted by `rgb' on input line 1352.
Package xcolor Info: Model `RGB' extended on input line 1364.
Package xcolor Info: Model `HTML' substituted by `rgb' on input line 1366.
Package xcolor Info: Model `Hsb' substituted by `hsb' on input line 1367.
Package xcolor Info: Model `tHsb' substituted by `hsb' on input line 1368.
Package xcolor Info: Model `HSB' substituted by `hsb' on input line 1369.
Package xcolor Info: Model `Gray' substituted by `gray' on input line 1370.
Package xcolor Info: Model `wave' substituted by `hsb' on input line 1371.
)
("C:\Users\Administrator\AppData\Local\Programs\MiKTeX 2.9\tex/generic/pgf/basi
clayer\pgfcore.code.tex"
Package: pgfcore 2019/01/05 v3.1 (3.1)

("C:\Users\Administrator\AppData\Local\Programs\MiKTeX 2.9\tex/generic/pgf/math
\pgfmath.code.tex"
("C:\Users\Administrator\AppData\Local\Programs\MiKTeX 2.9\tex/generic/pgf/math
\pgfmathcalc.code.tex"
("C:\Users\Administrator\AppData\Local\Programs\MiKTeX 2.9\tex/generic/pgf/math
\pgfmathutil.code.tex")
("C:\Users\Administrator\AppData\Local\Programs\MiKTeX 2.9\tex/generic/pgf/math
\pgfmathparser.code.tex"
\pgfmath@dimen=\dimen115
\pgfmath@count=\count95
\pgfmath@box=\box28
\pgfmath@toks=\toks22
\pgfmath@stack@operand=\toks23
\pgfmath@stack@operation=\toks24
)
("C:\Users\Administrator\AppData\Local\Programs\MiKTeX 2.9\tex/generic/pgf/math
\pgfmathfunctions.code.tex"
("C:\Users\Administrator\AppData\Local\Programs\MiKTeX 2.9\tex/generic/pgf/math
\pgfmathfunctions.basic.code.tex")
("C:\Users\Administrator\AppData\Local\Programs\MiKTeX 2.9\tex/generic/pgf/math
\pgfmathfunctions.trigonometric.code.tex")
("C:\Users\Administrator\AppData\Local\Programs\MiKTeX 2.9\tex/generic/pgf/math
\pgfmathfunctions.random.code.tex")
("C:\Users\Administrator\AppData\Local\Programs\MiKTeX 2.9\tex/generic/pgf/math
\pgfmathfunctions.comparison.code.tex")
("C:\Users\Administrator\AppData\Local\Programs\MiKTeX 2.9\tex/generic/pgf/math
\pgfmathfunctions.base.code.tex")
("C:\Users\Administrator\AppData\Local\Programs\MiKTeX 2.9\tex/generic/pgf/math
\pgfmathfunctions.round.code.tex")
("C:\Users\Administrator\AppData\Local\Programs\MiKTeX 2.9\tex/generic/pgf/math
\pgfmathfunctions.misc.code.tex")
("C:\Users\Administrator\AppData\Local\Programs\MiKTeX 2.9\tex/generic/pgf/math
\pgfmathfunctions.integerarithmetics.code.tex")))
("C:\Users\Administrator\AppData\Local\Programs\MiKTeX 2.9\tex/generic/pgf/math
\pgfmathfloat.code.tex"
\c@pgfmathroundto@lastzeros=\count96
))
("C:\Users\Administrator\AppData\Local\Programs\MiKTeX 2.9\tex/generic/pgf/basi
clayer\pgfcorepoints.code.tex"
File: pgfcorepoints.code.tex 2019/01/05 v3.1 (3.1)
\pgf@picminx=\dimen116
\pgf@picmaxx=\dimen117
\pgf@picminy=\dimen118
\pgf@picmaxy=\dimen119
\pgf@pathminx=\dimen120
\pgf@pathmaxx=\dimen121
\pgf@pathminy=\dimen122
\pgf@pathmaxy=\dimen123
\pgf@xx=\dimen124
\pgf@xy=\dimen125
\pgf@yx=\dimen126
\pgf@yy=\dimen127
\pgf@zx=\dimen128
\pgf@zy=\dimen129
)
("C:\Users\Administrator\AppData\Local\Programs\MiKTeX 2.9\tex/generic/pgf/basi
clayer\pgfcorepathconstruct.code.tex"
File: pgfcorepathconstruct.code.tex 2019/01/05 v3.1 (3.1)
\pgf@path@lastx=\dimen130
\pgf@path@lasty=\dimen131
)
("C:\Users\Administrator\AppData\Local\Programs\MiKTeX 2.9\tex/generic/pgf/basi
clayer\pgfcorepathusage.code.tex"
File: pgfcorepathusage.code.tex 2019/01/05 v3.1 (3.1)
\pgf@shorten@end@additional=\dimen132
\pgf@shorten@start@additional=\dimen133
)
("C:\Users\Administrator\AppData\Local\Programs\MiKTeX 2.9\tex/generic/pgf/basi
clayer\pgfcorescopes.code.tex"
File: pgfcorescopes.code.tex 2019/01/05 v3.1 (3.1)
\pgfpic=\box29
\pgf@hbox=\box30
\pgf@layerbox@main=\box31
\pgf@picture@serial@count=\count97
)
("C:\Users\Administrator\AppData\Local\Programs\MiKTeX 2.9\tex/generic/pgf/basi
clayer\pgfcoregraphicstate.code.tex"
File: pgfcoregraphicstate.code.tex 2019/01/05 v3.1 (3.1)
\pgflinewidth=\dimen134
)
("C:\Users\Administrator\AppData\Local\Programs\MiKTeX 2.9\tex/generic/pgf/basi
clayer\pgfcoretransformations.code.tex"
File: pgfcoretransformations.code.tex 2019/01/05 v3.1 (3.1)
\pgf@pt@x=\dimen135
\pgf@pt@y=\dimen136
\pgf@pt@temp=\dimen137
)
("C:\Users\Administrator\AppData\Local\Programs\MiKTeX 2.9\tex/generic/pgf/basi
clayer\pgfcorequick.code.tex"
File: pgfcorequick.code.tex 2019/01/05 v3.1 (3.1)
)
("C:\Users\Administrator\AppData\Local\Programs\MiKTeX 2.9\tex/generic/pgf/basi
clayer\pgfcoreobjects.code.tex"
File: pgfcoreobjects.code.tex 2019/01/05 v3.1 (3.1)
)
("C:\Users\Administrator\AppData\Local\Programs\MiKTeX 2.9\tex/generic/pgf/basi
clayer\pgfcorepathprocessing.code.tex"
File: pgfcorepathprocessing.code.tex 2019/01/05 v3.1 (3.1)
)
("C:\Users\Administrator\AppData\Local\Programs\MiKTeX 2.9\tex/generic/pgf/basi
clayer\pgfcorearrows.code.tex"
File: pgfcorearrows.code.tex 2019/01/05 v3.1 (3.1)
\pgfarrowsep=\dimen138
)
("C:\Users\Administrator\AppData\Local\Programs\MiKTeX 2.9\tex/generic/pgf/basi
clayer\pgfcoreshade.code.tex"
File: pgfcoreshade.code.tex 2019/01/05 v3.1 (3.1)
\pgf@max=\dimen139
\pgf@sys@shading@range@num=\count98
)
("C:\Users\Administrator\AppData\Local\Programs\MiKTeX 2.9\tex/generic/pgf/basi
clayer\pgfcoreimage.code.tex"
File: pgfcoreimage.code.tex 2019/01/05 v3.1 (3.1)

("C:\Users\Administrator\AppData\Local\Programs\MiKTeX 2.9\tex/generic/pgf/basi
clayer\pgfcoreexternal.code.tex"
File: pgfcoreexternal.code.tex 2019/01/05 v3.1 (3.1)
\pgfexternal@startupbox=\box32
))
("C:\Users\Administrator\AppData\Local\Programs\MiKTeX 2.9\tex/generic/pgf/basi
clayer\pgfcorelayers.code.tex"
File: pgfcorelayers.code.tex 2019/01/05 v3.1 (3.1)
)
("C:\Users\Administrator\AppData\Local\Programs\MiKTeX 2.9\tex/generic/pgf/basi
clayer\pgfcoretransparency.code.tex"
File: pgfcoretransparency.code.tex 2019/01/05 v3.1 (3.1)
)
("C:\Users\Administrator\AppData\Local\Programs\MiKTeX 2.9\tex/generic/pgf/basi
clayer\pgfcorepatterns.code.tex"
File: pgfcorepatterns.code.tex 2019/01/05 v3.1 (3.1)
)
("C:\Users\Administrator\AppData\Local\Programs\MiKTeX 2.9\tex/generic/pgf/basi
clayer\pgfcorerdf.code.tex"
File: pgfcorerdf.code.tex 2019/01/05 v3.1 (3.1)
)))
("C:\Users\Administrator\AppData\Local\Programs\MiKTeX 2.9\tex/generic/pgf/modu
les\pgfmoduleshapes.code.tex"
File: pgfmoduleshapes.code.tex 2019/01/05 v3.1 (3.1)
\pgfnodeparttextbox=\box33
)
("C:\Users\Administrator\AppData\Local\Programs\MiKTeX 2.9\tex/generic/pgf/modu
les\pgfmoduleplot.code.tex"
File: pgfmoduleplot.code.tex 2019/01/05 v3.1 (3.1)
)
("C:\Users\Administrator\AppData\Local\Programs\MiKTeX 2.9\tex/latex/pgf/compat
ibility\pgfcomp-version-0-65.sty"
Package: pgfcomp-version-0-65 2019/01/05 v3.1 (3.1)
\pgf@nodesepstart=\dimen140
\pgf@nodesepend=\dimen141
)
("C:\Users\Administrator\AppData\Local\Programs\MiKTeX 2.9\tex/latex/pgf/compat
ibility\pgfcomp-version-1-18.sty"
Package: pgfcomp-version-1-18 2019/01/05 v3.1 (3.1)
))
("C:\Users\Administrator\AppData\Local\Programs\MiKTeX 2.9\tex/latex/pgf/utilit
ies\pgffor.sty"
("C:\Users\Administrator\AppData\Local\Programs\MiKTeX 2.9\tex/latex/pgf/utilit
ies\pgfkeys.sty"
("C:\Users\Administrator\AppData\Local\Programs\MiKTeX 2.9\tex/generic/pgf/util
ities\pgfkeys.code.tex"))
("C:\Users\Administrator\AppData\Local\Programs\MiKTeX 2.9\tex/latex/pgf/math\p
gfmath.sty"
("C:\Users\Administrator\AppData\Local\Programs\MiKTeX 2.9\tex/generic/pgf/math
\pgfmath.code.tex"))
("C:\Users\Administrator\AppData\Local\Programs\MiKTeX 2.9\tex/generic/pgf/util
ities\pgffor.code.tex"
Package: pgffor 2019/01/05 v3.1 (3.1)

("C:\Users\Administrator\AppData\Local\Programs\MiKTeX 2.9\tex/generic/pgf/math
\pgfmath.code.tex")
\pgffor@iter=\dimen142
\pgffor@skip=\dimen143
\pgffor@stack=\toks25
\pgffor@toks=\toks26
))
("C:\Users\Administrator\AppData\Local\Programs\MiKTeX 2.9\tex/generic/pgf/fron
tendlayer/tikz\tikz.code.tex"
Package: tikz 2019/01/05 v3.1 (3.1)

("C:\Users\Administrator\AppData\Local\Programs\MiKTeX 2.9\tex/generic/pgf/libr
aries\pgflibraryplothandlers.code.tex"
File: pgflibraryplothandlers.code.tex 2019/01/05 v3.1 (3.1)
\pgf@plot@mark@count=\count99
\pgfplotmarksize=\dimen144
)
\tikz@lastx=\dimen145
\tikz@lasty=\dimen146
\tikz@lastxsaved=\dimen147
\tikz@lastysaved=\dimen148
\tikzleveldistance=\dimen149
\tikzsiblingdistance=\dimen150
\tikz@figbox=\box34
\tikz@figbox@bg=\box35
\tikz@tempbox=\box36
\tikz@tempbox@bg=\box37
\tikztreelevel=\count100
\tikznumberofchildren=\count101
\tikznumberofcurrentchild=\count102
\tikz@fig@count=\count103

("C:\Users\Administrator\AppData\Local\Programs\MiKTeX 2.9\tex/generic/pgf/modu
les\pgfmodulematrix.code.tex"
File: pgfmodulematrix.code.tex 2019/01/05 v3.1 (3.1)
\pgfmatrixcurrentrow=\count104
\pgfmatrixcurrentcolumn=\count105
\pgf@matrix@numberofcolumns=\count106
)
\tikz@expandcount=\count107

("C:\Users\Administrator\AppData\Local\Programs\MiKTeX 2.9\tex/generic/pgf/fron
tendlayer/tikz/libraries\tikzlibrarytopaths.code.tex"
File: tikzlibrarytopaths.code.tex 2019/01/05 v3.1 (3.1)
))) (MWE5.aux)
\openout1 = `MWE5.aux'.

LaTeX Font Info:    Checking defaults for OML/cmm/m/it on input line 4.
LaTeX Font Info:    ... okay on input line 4.
LaTeX Font Info:    Checking defaults for T1/cmr/m/n on input line 4.
LaTeX Font Info:    ... okay on input line 4.
LaTeX Font Info:    Checking defaults for OT1/cmr/m/n on input line 4.
LaTeX Font Info:    ... okay on input line 4.
LaTeX Font Info:    Checking defaults for OMS/cmsy/m/n on input line 4.
LaTeX Font Info:    ... okay on input line 4.
LaTeX Font Info:    Checking defaults for OMX/cmex/m/n on input line 4.
LaTeX Font Info:    ... okay on input line 4.
LaTeX Font Info:    Checking defaults for U/cmr/m/n on input line 4.
LaTeX Font Info:    ... okay on input line 4.

ABD: EveryShipout initializing macros
("C:\Users\Administrator\AppData\Local\Programs\MiKTeX 2.9\tex/context/base/mki
i\supp-pdf.mkii"
[Loading MPS to PDF converter (version 2006.09.02).]
\scratchcounter=\count108
\scratchdimen=\dimen151
\scratchbox=\box38
\nofMPsegments=\count109
\nofMParguments=\count110
\everyMPshowfont=\toks27
\MPscratchCnt=\count111
\MPscratchDim=\dimen152
\MPnumerator=\count112
\makeMPintoPDFobject=\count113
\everyMPtoPDFconversion=\toks28
)
("C:\Users\Administrator\AppData\Local\Programs\MiKTeX 2.9\tex/latex/oberdiek\e
pstopdf-base.sty"
Package: epstopdf-base 2016/05/15 v2.6 Base part for package epstopdf

("C:\Users\Administrator\AppData\Local\Programs\MiKTeX 2.9\tex/generic/oberdiek
\infwarerr.sty"
Package: infwarerr 2016/05/16 v1.4 Providing info/warning/error messages (HO)
)
("C:\Users\Administrator\AppData\Local\Programs\MiKTeX 2.9\tex/latex/oberdiek\g
rfext.sty"
Package: grfext 2016/05/16 v1.2 Manage graphics extensions (HO)

("C:\Users\Administrator\AppData\Local\Programs\MiKTeX 2.9\tex/generic/oberdiek
\kvdefinekeys.sty"
Package: kvdefinekeys 2016/05/16 v1.4 Define keys (HO)

("C:\Users\Administrator\AppData\Local\Programs\MiKTeX 2.9\tex/generic/oberdiek
\ltxcmds.sty"
Package: ltxcmds 2016/05/16 v1.23 LaTeX kernel commands for general use (HO)
)))
("C:\Users\Administrator\AppData\Local\Programs\MiKTeX 2.9\tex/latex/oberdiek\k
voptions.sty"
Package: kvoptions 2016/05/16 v3.12 Key value format for package options (HO)

("C:\Users\Administrator\AppData\Local\Programs\MiKTeX 2.9\tex/latex/kvsetkeys\
kvsetkeys.sty"
Package: kvsetkeys 2022-10-05 v1.19 Key value parser (HO)
))
("C:\Users\Administrator\AppData\Local\Programs\MiKTeX 2.9\tex/generic/oberdiek
\pdftexcmds.sty"
Package: pdftexcmds 2018/09/10 v0.29 Utility functions of pdfTeX for LuaTeX (HO
)

("C:\Users\Administrator\AppData\Local\Programs\MiKTeX 2.9\tex/generic/oberdiek
\ifluatex.sty"
Package: ifluatex 2016/05/16 v1.4 Provides the ifluatex switch (HO)
Package ifluatex Info: LuaTeX not detected.
)
("C:\Users\Administrator\AppData\Local\Programs\MiKTeX 2.9\tex/generic/oberdiek
\ifpdf.sty"
Package: ifpdf 2018/09/07 v3.3 Provides the ifpdf switch
)
Package pdftexcmds Info: LuaTeX not detected.
Package pdftexcmds Info: \pdf@primitive is available.
Package pdftexcmds Info: \pdf@ifprimitive is available.
Package pdftexcmds Info: \pdfdraftmode found.
)
Package epstopdf-base Info: Redefining graphics rule for `.eps' on input line 4
38.
Package grfext Info: Graphics extension search list:
(grfext)             [.pdf,.png,.jpg,.mps,.jpeg,.jbig2,.jb2,.PDF,.PNG,.JPG,.JPE
G,.JBIG2,.JB2,.eps]
(grfext)             \AppendGraphicsExtensions on input line 456.
) [1

{C:/Users/Administrator/AppData/Local/MiKTeX/2.9/pdftex/config/pdftex.map}] (MW
E5.aux) ) 
Here is how much of TeX's memory you used:
 11477 strings out of 492946
 241086 string characters out of 3135503
 269435 words of memory out of 3000000
 15183 multiletter control sequences out of 15000+200000
 3640 words of font info for 14 fonts, out of 3000000 for 9000
 1141 hyphenation exceptions out of 8191
 55i,5n,48p,388b,360s stack positions out of 5000i,500n,10000p,200000b,50000s
<C:/Users/Administrator/AppData/Local/Programs/MiKTeX 2.9/fonts/type1/
public/amsfonts/cm/cmr10.pfb>
Output written on MWE5.pdf (1 page, 8677 bytes).
PDF statistics:
 13 PDF objects out of 1000 (max. 8388607)
 0 named destinations out of 1000 (max. 500000)
 13 words of extra memory for PDF output out of 10000 (max. 10000000)

